2023-03-28 08:48:49 [::1][-][icnjh42gfqrjc8r1onjlac2ll1][error][yii\web\HttpException:404] yii\base\InvalidRouteException: Unable to resolve the request: dashboard/search in C:\wamp64\www\kimlanyii\vendor\yiisoft\yii2\base\Controller.php:128
Stack trace:
#0 C:\wamp64\www\kimlanyii\vendor\yiisoft\yii2\base\Module.php(528): yii\base\Controller->runAction('search', Array)
#1 C:\wamp64\www\kimlanyii\vendor\yiisoft\yii2\web\Application.php(103): yii\base\Module->runAction('dashboard/searc...', Array)
#2 C:\wamp64\www\kimlanyii\vendor\yiisoft\yii2\base\Application.php(386): yii\web\Application->handleRequest(Object(yii\web\Request))
#3 C:\wamp64\www\kimlanyii\backend\web\index.php(17): yii\base\Application->run()
#4 {main}

Next yii\web\NotFoundHttpException: Page not found. in C:\wamp64\www\kimlanyii\vendor\yiisoft\yii2\web\Application.php:115
Stack trace:
#0 C:\wamp64\www\kimlanyii\vendor\yiisoft\yii2\base\Application.php(386): yii\web\Application->handleRequest(Object(yii\web\Request))
#1 C:\wamp64\www\kimlanyii\backend\web\index.php(17): yii\base\Application->run()
#2 {main}
2023-03-28 08:48:49 [::1][-][icnjh42gfqrjc8r1onjlac2ll1][info][application] $_GET = [
    'r' => 'dashboard/search'
]

$_COOKIE = [
    'advanced-backend' => 'icnjh42gfqrjc8r1onjlac2ll1'
    '_csrf-frontend' => '3089442a6c7994c8079b841d8bc58dab3702c91ce8d347715d5a6facae48b50ea:2:{i:0;s:14:\"_csrf-frontend\";i:1;s:32:\"HNHKHqm9RZOfJugZ04zIM9BDxLcmtQLC\";}'
    '_csrf-backend' => '27c658ecea58f1b828e6427164dd010a025f95ee7e8b6ee61b50a026f25a90dba:2:{i:0;s:13:\"_csrf-backend\";i:1;s:32:\"eoloTgno6_SL6M7Z41hj3EpDz3kIApcT\";}'
]

$_SESSION = [
    '__flash' => []
]

$_SERVER = [
    'HTTP_HOST' => 'localhost'
    'HTTP_CONNECTION' => 'keep-alive'
    'HTTP_SEC_CH_UA' => '\"Google Chrome\";v=\"111\", \"Not(A:Brand\";v=\"8\", \"Chromium\";v=\"111\"'
    'HTTP_SEC_CH_UA_MOBILE' => '?0'
    'HTTP_SEC_CH_UA_PLATFORM' => '\"Windows\"'
    'HTTP_UPGRADE_INSECURE_REQUESTS' => '1'
    'HTTP_USER_AGENT' => 'Mozilla/5.0 (Windows NT 10.0; Win64; x64) AppleWebKit/537.36 (KHTML, like Gecko) Chrome/111.0.0.0 Safari/537.36'
    'HTTP_ACCEPT' => 'text/html,application/xhtml+xml,application/xml;q=0.9,image/avif,image/webp,image/apng,*/*;q=0.8,application/signed-exchange;v=b3;q=0.7'
    'HTTP_SEC_FETCH_SITE' => 'same-origin'
    'HTTP_SEC_FETCH_MODE' => 'navigate'
    'HTTP_SEC_FETCH_USER' => '?1'
    'HTTP_SEC_FETCH_DEST' => 'document'
    'HTTP_REFERER' => 'http://localhost/kimlanyii/backend/web/index.php'
    'HTTP_ACCEPT_ENCODING' => 'gzip, deflate, br'
    'HTTP_ACCEPT_LANGUAGE' => 'en,en-US;q=0.9,fr-FR;q=0.8,fr;q=0.7,vi;q=0.6'
    'HTTP_COOKIE' => 'advanced-backend=icnjh42gfqrjc8r1onjlac2ll1; _csrf-frontend=3089442a6c7994c8079b841d8bc58dab3702c91ce8d347715d5a6facae48b50ea%3A2%3A%7Bi%3A0%3Bs%3A14%3A%22_csrf-frontend%22%3Bi%3A1%3Bs%3A32%3A%22HNHKHqm9RZOfJugZ04zIM9BDxLcmtQLC%22%3B%7D; _csrf-backend=27c658ecea58f1b828e6427164dd010a025f95ee7e8b6ee61b50a026f25a90dba%3A2%3A%7Bi%3A0%3Bs%3A13%3A%22_csrf-backend%22%3Bi%3A1%3Bs%3A32%3A%22eoloTgno6_SL6M7Z41hj3EpDz3kIApcT%22%3B%7D'
    'PATH' => 'C:\\WINDOWS\\system32;C:\\WINDOWS;C:\\WINDOWS\\System32\\Wbem;C:\\WINDOWS\\System32\\WindowsPowerShell\\v1.0\\;C:\\WINDOWS\\System32\\OpenSSH\\;C:\\wamp64\\bin\\php\\php7.0.10;C:\\Program Files\\Git\\cmd;C:\\WINDOWS\\system32\\config\\systemprofile\\AppData\\Local\\Microsoft\\WindowsApps'
    'SystemRoot' => 'C:\\WINDOWS'
    'COMSPEC' => 'C:\\WINDOWS\\system32\\cmd.exe'
    'PATHEXT' => '.COM;.EXE;.BAT;.CMD;.VBS;.VBE;.JS;.JSE;.WSF;.WSH;.MSC'
    'WINDIR' => 'C:\\WINDOWS'
    'SERVER_SIGNATURE' => '<address>Apache/2.4.23 (Win64) PHP/7.0.10 Server at localhost Port 80</address>
'
    'SERVER_SOFTWARE' => 'Apache/2.4.23 (Win64) PHP/7.0.10'
    'SERVER_NAME' => 'localhost'
    'SERVER_ADDR' => '::1'
    'SERVER_PORT' => '80'
    'REMOTE_ADDR' => '::1'
    'DOCUMENT_ROOT' => 'C:/wamp64/www'
    'REQUEST_SCHEME' => 'http'
    'CONTEXT_PREFIX' => ''
    'CONTEXT_DOCUMENT_ROOT' => 'C:/wamp64/www'
    'SERVER_ADMIN' => 'wampserver@wampserver.invalid'
    'SCRIPT_FILENAME' => 'C:/wamp64/www/kimlanyii/backend/web/index.php'
    'REMOTE_PORT' => '59261'
    'GATEWAY_INTERFACE' => 'CGI/1.1'
    'SERVER_PROTOCOL' => 'HTTP/1.1'
    'REQUEST_METHOD' => 'GET'
    'QUERY_STRING' => 'r=dashboard/search'
    'REQUEST_URI' => '/kimlanyii/backend/web/index.php?r=dashboard/search'
    'SCRIPT_NAME' => '/kimlanyii/backend/web/index.php'
    'PHP_SELF' => '/kimlanyii/backend/web/index.php'
    'REQUEST_TIME_FLOAT' => 1679993329.858
    'REQUEST_TIME' => 1679993329
]
2023-03-28 08:48:54 [::1][-][icnjh42gfqrjc8r1onjlac2ll1][error][yii\web\HttpException:404] yii\base\InvalidRouteException: Unable to resolve the request: dashboard/invoice-create in C:\wamp64\www\kimlanyii\vendor\yiisoft\yii2\base\Controller.php:128
Stack trace:
#0 C:\wamp64\www\kimlanyii\vendor\yiisoft\yii2\base\Module.php(528): yii\base\Controller->runAction('invoice-create', Array)
#1 C:\wamp64\www\kimlanyii\vendor\yiisoft\yii2\web\Application.php(103): yii\base\Module->runAction('dashboard/invoi...', Array)
#2 C:\wamp64\www\kimlanyii\vendor\yiisoft\yii2\base\Application.php(386): yii\web\Application->handleRequest(Object(yii\web\Request))
#3 C:\wamp64\www\kimlanyii\backend\web\index.php(17): yii\base\Application->run()
#4 {main}

Next yii\web\NotFoundHttpException: Page not found. in C:\wamp64\www\kimlanyii\vendor\yiisoft\yii2\web\Application.php:115
Stack trace:
#0 C:\wamp64\www\kimlanyii\vendor\yiisoft\yii2\base\Application.php(386): yii\web\Application->handleRequest(Object(yii\web\Request))
#1 C:\wamp64\www\kimlanyii\backend\web\index.php(17): yii\base\Application->run()
#2 {main}
2023-03-28 08:48:53 [::1][-][icnjh42gfqrjc8r1onjlac2ll1][info][application] $_GET = [
    'r' => 'dashboard/invoice-create'
]

$_COOKIE = [
    'advanced-backend' => 'icnjh42gfqrjc8r1onjlac2ll1'
    '_csrf-frontend' => '3089442a6c7994c8079b841d8bc58dab3702c91ce8d347715d5a6facae48b50ea:2:{i:0;s:14:\"_csrf-frontend\";i:1;s:32:\"HNHKHqm9RZOfJugZ04zIM9BDxLcmtQLC\";}'
    '_csrf-backend' => '27c658ecea58f1b828e6427164dd010a025f95ee7e8b6ee61b50a026f25a90dba:2:{i:0;s:13:\"_csrf-backend\";i:1;s:32:\"eoloTgno6_SL6M7Z41hj3EpDz3kIApcT\";}'
]

$_SESSION = [
    '__flash' => []
]

$_SERVER = [
    'HTTP_HOST' => 'localhost'
    'HTTP_CONNECTION' => 'keep-alive'
    'HTTP_SEC_CH_UA' => '\"Google Chrome\";v=\"111\", \"Not(A:Brand\";v=\"8\", \"Chromium\";v=\"111\"'
    'HTTP_SEC_CH_UA_MOBILE' => '?0'
    'HTTP_SEC_CH_UA_PLATFORM' => '\"Windows\"'
    'HTTP_UPGRADE_INSECURE_REQUESTS' => '1'
    'HTTP_USER_AGENT' => 'Mozilla/5.0 (Windows NT 10.0; Win64; x64) AppleWebKit/537.36 (KHTML, like Gecko) Chrome/111.0.0.0 Safari/537.36'
    'HTTP_ACCEPT' => 'text/html,application/xhtml+xml,application/xml;q=0.9,image/avif,image/webp,image/apng,*/*;q=0.8,application/signed-exchange;v=b3;q=0.7'
    'HTTP_SEC_FETCH_SITE' => 'same-origin'
    'HTTP_SEC_FETCH_MODE' => 'navigate'
    'HTTP_SEC_FETCH_USER' => '?1'
    'HTTP_SEC_FETCH_DEST' => 'document'
    'HTTP_REFERER' => 'http://localhost/kimlanyii/backend/web/index.php?r=dashboard/search'
    'HTTP_ACCEPT_ENCODING' => 'gzip, deflate, br'
    'HTTP_ACCEPT_LANGUAGE' => 'en,en-US;q=0.9,fr-FR;q=0.8,fr;q=0.7,vi;q=0.6'
    'HTTP_COOKIE' => 'advanced-backend=icnjh42gfqrjc8r1onjlac2ll1; _csrf-frontend=3089442a6c7994c8079b841d8bc58dab3702c91ce8d347715d5a6facae48b50ea%3A2%3A%7Bi%3A0%3Bs%3A14%3A%22_csrf-frontend%22%3Bi%3A1%3Bs%3A32%3A%22HNHKHqm9RZOfJugZ04zIM9BDxLcmtQLC%22%3B%7D; _csrf-backend=27c658ecea58f1b828e6427164dd010a025f95ee7e8b6ee61b50a026f25a90dba%3A2%3A%7Bi%3A0%3Bs%3A13%3A%22_csrf-backend%22%3Bi%3A1%3Bs%3A32%3A%22eoloTgno6_SL6M7Z41hj3EpDz3kIApcT%22%3B%7D'
    'PATH' => 'C:\\WINDOWS\\system32;C:\\WINDOWS;C:\\WINDOWS\\System32\\Wbem;C:\\WINDOWS\\System32\\WindowsPowerShell\\v1.0\\;C:\\WINDOWS\\System32\\OpenSSH\\;C:\\wamp64\\bin\\php\\php7.0.10;C:\\Program Files\\Git\\cmd;C:\\WINDOWS\\system32\\config\\systemprofile\\AppData\\Local\\Microsoft\\WindowsApps'
    'SystemRoot' => 'C:\\WINDOWS'
    'COMSPEC' => 'C:\\WINDOWS\\system32\\cmd.exe'
    'PATHEXT' => '.COM;.EXE;.BAT;.CMD;.VBS;.VBE;.JS;.JSE;.WSF;.WSH;.MSC'
    'WINDIR' => 'C:\\WINDOWS'
    'SERVER_SIGNATURE' => '<address>Apache/2.4.23 (Win64) PHP/7.0.10 Server at localhost Port 80</address>
'
    'SERVER_SOFTWARE' => 'Apache/2.4.23 (Win64) PHP/7.0.10'
    'SERVER_NAME' => 'localhost'
    'SERVER_ADDR' => '::1'
    'SERVER_PORT' => '80'
    'REMOTE_ADDR' => '::1'
    'DOCUMENT_ROOT' => 'C:/wamp64/www'
    'REQUEST_SCHEME' => 'http'
    'CONTEXT_PREFIX' => ''
    'CONTEXT_DOCUMENT_ROOT' => 'C:/wamp64/www'
    'SERVER_ADMIN' => 'wampserver@wampserver.invalid'
    'SCRIPT_FILENAME' => 'C:/wamp64/www/kimlanyii/backend/web/index.php'
    'REMOTE_PORT' => '59262'
    'GATEWAY_INTERFACE' => 'CGI/1.1'
    'SERVER_PROTOCOL' => 'HTTP/1.1'
    'REQUEST_METHOD' => 'GET'
    'QUERY_STRING' => 'r=dashboard/invoice-create'
    'REQUEST_URI' => '/kimlanyii/backend/web/index.php?r=dashboard/invoice-create'
    'SCRIPT_NAME' => '/kimlanyii/backend/web/index.php'
    'PHP_SELF' => '/kimlanyii/backend/web/index.php'
    'REQUEST_TIME_FLOAT' => 1679993333.977
    'REQUEST_TIME' => 1679993333
]
2023-03-28 08:49:01 [::1][-][icnjh42gfqrjc8r1onjlac2ll1][error][yii\web\HttpException:404] yii\base\InvalidRouteException: Unable to resolve the request: dashboard/create_authority in C:\wamp64\www\kimlanyii\vendor\yiisoft\yii2\base\Controller.php:128
Stack trace:
#0 C:\wamp64\www\kimlanyii\vendor\yiisoft\yii2\base\Module.php(528): yii\base\Controller->runAction('create_authorit...', Array)
#1 C:\wamp64\www\kimlanyii\vendor\yiisoft\yii2\web\Application.php(103): yii\base\Module->runAction('dashboard/creat...', Array)
#2 C:\wamp64\www\kimlanyii\vendor\yiisoft\yii2\base\Application.php(386): yii\web\Application->handleRequest(Object(yii\web\Request))
#3 C:\wamp64\www\kimlanyii\backend\web\index.php(17): yii\base\Application->run()
#4 {main}

Next yii\web\NotFoundHttpException: Page not found. in C:\wamp64\www\kimlanyii\vendor\yiisoft\yii2\web\Application.php:115
Stack trace:
#0 C:\wamp64\www\kimlanyii\vendor\yiisoft\yii2\base\Application.php(386): yii\web\Application->handleRequest(Object(yii\web\Request))
#1 C:\wamp64\www\kimlanyii\backend\web\index.php(17): yii\base\Application->run()
#2 {main}
2023-03-28 08:49:01 [::1][-][icnjh42gfqrjc8r1onjlac2ll1][info][application] $_GET = [
    'r' => 'dashboard/create_authority'
]

$_COOKIE = [
    'advanced-backend' => 'icnjh42gfqrjc8r1onjlac2ll1'
    '_csrf-frontend' => '3089442a6c7994c8079b841d8bc58dab3702c91ce8d347715d5a6facae48b50ea:2:{i:0;s:14:\"_csrf-frontend\";i:1;s:32:\"HNHKHqm9RZOfJugZ04zIM9BDxLcmtQLC\";}'
    '_csrf-backend' => '27c658ecea58f1b828e6427164dd010a025f95ee7e8b6ee61b50a026f25a90dba:2:{i:0;s:13:\"_csrf-backend\";i:1;s:32:\"eoloTgno6_SL6M7Z41hj3EpDz3kIApcT\";}'
]

$_SESSION = [
    '__flash' => []
]

$_SERVER = [
    'HTTP_HOST' => 'localhost'
    'HTTP_CONNECTION' => 'keep-alive'
    'HTTP_SEC_CH_UA' => '\"Google Chrome\";v=\"111\", \"Not(A:Brand\";v=\"8\", \"Chromium\";v=\"111\"'
    'HTTP_SEC_CH_UA_MOBILE' => '?0'
    'HTTP_SEC_CH_UA_PLATFORM' => '\"Windows\"'
    'HTTP_UPGRADE_INSECURE_REQUESTS' => '1'
    'HTTP_USER_AGENT' => 'Mozilla/5.0 (Windows NT 10.0; Win64; x64) AppleWebKit/537.36 (KHTML, like Gecko) Chrome/111.0.0.0 Safari/537.36'
    'HTTP_ACCEPT' => 'text/html,application/xhtml+xml,application/xml;q=0.9,image/avif,image/webp,image/apng,*/*;q=0.8,application/signed-exchange;v=b3;q=0.7'
    'HTTP_SEC_FETCH_SITE' => 'none'
    'HTTP_SEC_FETCH_MODE' => 'navigate'
    'HTTP_SEC_FETCH_USER' => '?1'
    'HTTP_SEC_FETCH_DEST' => 'document'
    'HTTP_ACCEPT_ENCODING' => 'gzip, deflate, br'
    'HTTP_ACCEPT_LANGUAGE' => 'en,en-US;q=0.9,fr-FR;q=0.8,fr;q=0.7,vi;q=0.6'
    'HTTP_COOKIE' => 'advanced-backend=icnjh42gfqrjc8r1onjlac2ll1; _csrf-frontend=3089442a6c7994c8079b841d8bc58dab3702c91ce8d347715d5a6facae48b50ea%3A2%3A%7Bi%3A0%3Bs%3A14%3A%22_csrf-frontend%22%3Bi%3A1%3Bs%3A32%3A%22HNHKHqm9RZOfJugZ04zIM9BDxLcmtQLC%22%3B%7D; _csrf-backend=27c658ecea58f1b828e6427164dd010a025f95ee7e8b6ee61b50a026f25a90dba%3A2%3A%7Bi%3A0%3Bs%3A13%3A%22_csrf-backend%22%3Bi%3A1%3Bs%3A32%3A%22eoloTgno6_SL6M7Z41hj3EpDz3kIApcT%22%3B%7D'
    'PATH' => 'C:\\WINDOWS\\system32;C:\\WINDOWS;C:\\WINDOWS\\System32\\Wbem;C:\\WINDOWS\\System32\\WindowsPowerShell\\v1.0\\;C:\\WINDOWS\\System32\\OpenSSH\\;C:\\wamp64\\bin\\php\\php7.0.10;C:\\Program Files\\Git\\cmd;C:\\WINDOWS\\system32\\config\\systemprofile\\AppData\\Local\\Microsoft\\WindowsApps'
    'SystemRoot' => 'C:\\WINDOWS'
    'COMSPEC' => 'C:\\WINDOWS\\system32\\cmd.exe'
    'PATHEXT' => '.COM;.EXE;.BAT;.CMD;.VBS;.VBE;.JS;.JSE;.WSF;.WSH;.MSC'
    'WINDIR' => 'C:\\WINDOWS'
    'SERVER_SIGNATURE' => '<address>Apache/2.4.23 (Win64) PHP/7.0.10 Server at localhost Port 80</address>
'
    'SERVER_SOFTWARE' => 'Apache/2.4.23 (Win64) PHP/7.0.10'
    'SERVER_NAME' => 'localhost'
    'SERVER_ADDR' => '::1'
    'SERVER_PORT' => '80'
    'REMOTE_ADDR' => '::1'
    'DOCUMENT_ROOT' => 'C:/wamp64/www'
    'REQUEST_SCHEME' => 'http'
    'CONTEXT_PREFIX' => ''
    'CONTEXT_DOCUMENT_ROOT' => 'C:/wamp64/www'
    'SERVER_ADMIN' => 'wampserver@wampserver.invalid'
    'SCRIPT_FILENAME' => 'C:/wamp64/www/kimlanyii/backend/web/index.php'
    'REMOTE_PORT' => '59273'
    'GATEWAY_INTERFACE' => 'CGI/1.1'
    'SERVER_PROTOCOL' => 'HTTP/1.1'
    'REQUEST_METHOD' => 'GET'
    'QUERY_STRING' => 'r=dashboard/create_authority'
    'REQUEST_URI' => '/kimlanyii/backend/web/index.php?r=dashboard/create_authority'
    'SCRIPT_NAME' => '/kimlanyii/backend/web/index.php'
    'PHP_SELF' => '/kimlanyii/backend/web/index.php'
    'REQUEST_TIME_FLOAT' => 1679993341.584
    'REQUEST_TIME' => 1679993341
]
2023-03-28 08:49:34 [::1][-][icnjh42gfqrjc8r1onjlac2ll1][error][yii\web\HttpException:404] yii\base\InvalidRouteException: Unable to resolve the request: site/gii in C:\wamp64\www\kimlanyii\vendor\yiisoft\yii2\base\Controller.php:128
Stack trace:
#0 C:\wamp64\www\kimlanyii\vendor\yiisoft\yii2\base\Module.php(528): yii\base\Controller->runAction('gii', Array)
#1 C:\wamp64\www\kimlanyii\vendor\yiisoft\yii2\web\Application.php(103): yii\base\Module->runAction('site/gii', Array)
#2 C:\wamp64\www\kimlanyii\vendor\yiisoft\yii2\base\Application.php(386): yii\web\Application->handleRequest(Object(yii\web\Request))
#3 C:\wamp64\www\kimlanyii\backend\web\index.php(17): yii\base\Application->run()
#4 {main}

Next yii\web\NotFoundHttpException: Page not found. in C:\wamp64\www\kimlanyii\vendor\yiisoft\yii2\web\Application.php:115
Stack trace:
#0 C:\wamp64\www\kimlanyii\vendor\yiisoft\yii2\base\Application.php(386): yii\web\Application->handleRequest(Object(yii\web\Request))
#1 C:\wamp64\www\kimlanyii\backend\web\index.php(17): yii\base\Application->run()
#2 {main}
2023-03-28 08:49:34 [::1][-][icnjh42gfqrjc8r1onjlac2ll1][info][application] $_GET = [
    'r' => 'site/gii'
]

$_COOKIE = [
    'advanced-backend' => 'icnjh42gfqrjc8r1onjlac2ll1'
    '_csrf-frontend' => '3089442a6c7994c8079b841d8bc58dab3702c91ce8d347715d5a6facae48b50ea:2:{i:0;s:14:\"_csrf-frontend\";i:1;s:32:\"HNHKHqm9RZOfJugZ04zIM9BDxLcmtQLC\";}'
    '_csrf-backend' => '27c658ecea58f1b828e6427164dd010a025f95ee7e8b6ee61b50a026f25a90dba:2:{i:0;s:13:\"_csrf-backend\";i:1;s:32:\"eoloTgno6_SL6M7Z41hj3EpDz3kIApcT\";}'
]

$_SESSION = [
    '__flash' => []
]

$_SERVER = [
    'HTTP_HOST' => 'localhost'
    'HTTP_CONNECTION' => 'keep-alive'
    'HTTP_SEC_CH_UA' => '\"Google Chrome\";v=\"111\", \"Not(A:Brand\";v=\"8\", \"Chromium\";v=\"111\"'
    'HTTP_SEC_CH_UA_MOBILE' => '?0'
    'HTTP_SEC_CH_UA_PLATFORM' => '\"Windows\"'
    'HTTP_UPGRADE_INSECURE_REQUESTS' => '1'
    'HTTP_USER_AGENT' => 'Mozilla/5.0 (Windows NT 10.0; Win64; x64) AppleWebKit/537.36 (KHTML, like Gecko) Chrome/111.0.0.0 Safari/537.36'
    'HTTP_ACCEPT' => 'text/html,application/xhtml+xml,application/xml;q=0.9,image/avif,image/webp,image/apng,*/*;q=0.8,application/signed-exchange;v=b3;q=0.7'
    'HTTP_SEC_FETCH_SITE' => 'none'
    'HTTP_SEC_FETCH_MODE' => 'navigate'
    'HTTP_SEC_FETCH_USER' => '?1'
    'HTTP_SEC_FETCH_DEST' => 'document'
    'HTTP_ACCEPT_ENCODING' => 'gzip, deflate, br'
    'HTTP_ACCEPT_LANGUAGE' => 'en,en-US;q=0.9,fr-FR;q=0.8,fr;q=0.7,vi;q=0.6'
    'HTTP_COOKIE' => 'advanced-backend=icnjh42gfqrjc8r1onjlac2ll1; _csrf-frontend=3089442a6c7994c8079b841d8bc58dab3702c91ce8d347715d5a6facae48b50ea%3A2%3A%7Bi%3A0%3Bs%3A14%3A%22_csrf-frontend%22%3Bi%3A1%3Bs%3A32%3A%22HNHKHqm9RZOfJugZ04zIM9BDxLcmtQLC%22%3B%7D; _csrf-backend=27c658ecea58f1b828e6427164dd010a025f95ee7e8b6ee61b50a026f25a90dba%3A2%3A%7Bi%3A0%3Bs%3A13%3A%22_csrf-backend%22%3Bi%3A1%3Bs%3A32%3A%22eoloTgno6_SL6M7Z41hj3EpDz3kIApcT%22%3B%7D'
    'PATH' => 'C:\\WINDOWS\\system32;C:\\WINDOWS;C:\\WINDOWS\\System32\\Wbem;C:\\WINDOWS\\System32\\WindowsPowerShell\\v1.0\\;C:\\WINDOWS\\System32\\OpenSSH\\;C:\\wamp64\\bin\\php\\php7.0.10;C:\\Program Files\\Git\\cmd;C:\\WINDOWS\\system32\\config\\systemprofile\\AppData\\Local\\Microsoft\\WindowsApps'
    'SystemRoot' => 'C:\\WINDOWS'
    'COMSPEC' => 'C:\\WINDOWS\\system32\\cmd.exe'
    'PATHEXT' => '.COM;.EXE;.BAT;.CMD;.VBS;.VBE;.JS;.JSE;.WSF;.WSH;.MSC'
    'WINDIR' => 'C:\\WINDOWS'
    'SERVER_SIGNATURE' => '<address>Apache/2.4.23 (Win64) PHP/7.0.10 Server at localhost Port 80</address>
'
    'SERVER_SOFTWARE' => 'Apache/2.4.23 (Win64) PHP/7.0.10'
    'SERVER_NAME' => 'localhost'
    'SERVER_ADDR' => '::1'
    'SERVER_PORT' => '80'
    'REMOTE_ADDR' => '::1'
    'DOCUMENT_ROOT' => 'C:/wamp64/www'
    'REQUEST_SCHEME' => 'http'
    'CONTEXT_PREFIX' => ''
    'CONTEXT_DOCUMENT_ROOT' => 'C:/wamp64/www'
    'SERVER_ADMIN' => 'wampserver@wampserver.invalid'
    'SCRIPT_FILENAME' => 'C:/wamp64/www/kimlanyii/backend/web/index.php'
    'REMOTE_PORT' => '59313'
    'GATEWAY_INTERFACE' => 'CGI/1.1'
    'SERVER_PROTOCOL' => 'HTTP/1.1'
    'REQUEST_METHOD' => 'GET'
    'QUERY_STRING' => 'r=site/gii'
    'REQUEST_URI' => '/kimlanyii/backend/web/index.php?r=site/gii'
    'SCRIPT_NAME' => '/kimlanyii/backend/web/index.php'
    'PHP_SELF' => '/kimlanyii/backend/web/index.php'
    'REQUEST_TIME_FLOAT' => 1679993374.118
    'REQUEST_TIME' => 1679993374
]
